# JRE version: Java(TM) SE Runtime Environment (8.0_291-b10) (build 1.8.0_291-b10)
# Java VM: Java HotSpot(TM) 64-Bit Server VM (25.291-b10 mixed mode windows-amd64 compressed oops)
Heap:
 PSYoungGen      total 71680K, used 5113K [0x00000000d5f00000, 0x00000000daa00000, 0x0000000100000000)
  eden space 66560K, 0% used [0x00000000d5f00000,0x00000000d5f00000,0x00000000da000000)
  from space 5120K, 99% used [0x00000000da500000,0x00000000da9fe608,0x00000000daa00000)
  to   space 5120K, 0% used [0x00000000da000000,0x00000000da000000,0x00000000da500000)
 ParOldGen       total 57344K, used 17430K [0x0000000081c00000, 0x0000000085400000, 0x00000000d5f00000)
  object space 57344K, 30% used [0x0000000081c00000,0x0000000082d05b40,0x0000000085400000)
 Metaspace       used 31695K, capacity 33458K, committed 33536K, reserved 1083392K
  class space    used 4190K, capacity 4530K, committed 4608K, reserved 1048576K
GC Heap History (10 events):
Event: 2.959 GC heap before
{Heap before GC invocations=4 (full 0):
 PSYoungGen      total 38400K, used 38370K [0x00000000d5f00000, 0x00000000daa00000, 0x0000000100000000)
  eden space 33280K, 100% used [0x00000000d5f00000,0x00000000d7f80000,0x00000000d7f80000)
  from space 5120K, 99% used [0x00000000d7f80000,0x00000000d8478b88,0x00000000d8480000)
  to   space 5120K, 0% used [0x00000000da500000,0x00000000da500000,0x00000000daa00000)
 ParOldGen       total 87552K, used 717K [0x0000000081c00000, 0x0000000087180000, 0x00000000d5f00000)
  object space 87552K, 0% used [0x0000000081c00000,0x0000000081cb3458,0x0000000087180000)
 Metaspace       used 17041K, capacity 17830K, committed 18176K, reserved 1064960K
  class space    used 2240K, capacity 2450K, committed 2560K, reserved 1048576K
Event: 2.974 GC heap after
Heap after GC invocations=4 (full 0):
 PSYoungGen      total 71680K, used 5092K [0x00000000d5f00000, 0x00000000daa00000, 0x0000000100000000)
  eden space 66560K, 0% used [0x00000000d5f00000,0x00000000d5f00000,0x00000000da000000)
  from space 5120K, 99% used [0x00000000da500000,0x00000000da9f9218,0x00000000daa00000)
  to   space 5120K, 0% used [0x00000000da000000,0x00000000da000000,0x00000000da500000)
 ParOldGen       total 87552K, used 1878K [0x0000000081c00000, 0x0000000087180000, 0x00000000d5f00000)
  object space 87552K, 2% used [0x0000000081c00000,0x0000000081dd5880,0x0000000087180000)
 Metaspace       used 17041K, capacity 17830K, committed 18176K, reserved 1064960K
  class space    used 2240K, capacity 2450K, committed 2560K, reserved 1048576K
}
Event: 3.443 GC heap before
{Heap before GC invocations=5 (full 0):
 PSYoungGen      total 71680K, used 43105K [0x00000000d5f00000, 0x00000000daa00000, 0x0000000100000000)
  eden space 66560K, 57% used [0x00000000d5f00000,0x00000000d841f3d0,0x00000000da000000)
  from space 5120K, 99% used [0x00000000da500000,0x00000000da9f9218,0x00000000daa00000)
  to   space 5120K, 0% used [0x00000000da000000,0x00000000da000000,0x00000000da500000)
 ParOldGen       total 87552K, used 1878K [0x0000000081c00000, 0x0000000087180000, 0x00000000d5f00000)
  object space 87552K, 2% used [0x0000000081c00000,0x0000000081dd5880,0x0000000087180000)
 Metaspace       used 20227K, capacity 21202K, committed 21296K, reserved 1067008K
  class space    used 2666K, capacity 2878K, committed 2944K, reserved 1048576K
Event: 3.464 GC heap after
Heap after GC invocations=5 (full 0):
 PSYoungGen      total 71680K, used 5119K [0x00000000d5f00000, 0x00000000daa00000, 0x0000000100000000)
  eden space 66560K, 0% used [0x00000000d5f00000,0x00000000d5f00000,0x00000000da000000)
  from space 5120K, 99% used [0x00000000da000000,0x00000000da4ffc68,0x00000000da500000)
  to   space 5120K, 0% used [0x00000000da500000,0x00000000da500000,0x00000000daa00000)
 ParOldGen       total 87552K, used 4901K [0x0000000081c00000, 0x0000000087180000, 0x00000000d5f00000)
  object space 87552K, 5% used [0x0000000081c00000,0x00000000820c9698,0x0000000087180000)
 Metaspace       used 20227K, capacity 21202K, committed 21296K, reserved 1067008K
  class space    used 2666K, capacity 2878K, committed 2944K, reserved 1048576K
}
Event: 3.464 GC heap before
{Heap before GC invocations=6 (full 1):
 PSYoungGen      total 71680K, used 5119K [0x00000000d5f00000, 0x00000000daa00000, 0x0000000100000000)
  eden space 66560K, 0% used [0x00000000d5f00000,0x00000000d5f00000,0x00000000da000000)
  from space 5120K, 99% used [0x00000000da000000,0x00000000da4ffc68,0x00000000da500000)
  to   space 5120K, 0% used [0x00000000da500000,0x00000000da500000,0x00000000daa00000)
 ParOldGen       total 87552K, used 4901K [0x0000000081c00000, 0x0000000087180000, 0x00000000d5f00000)
  object space 87552K, 5% used [0x0000000081c00000,0x00000000820c9698,0x0000000087180000)
 Metaspace       used 20227K, capacity 21202K, committed 21296K, reserved 1067008K
  class space    used 2666K, capacity 2878K, committed 2944K, reserved 1048576K
Event: 3.515 GC heap after
Heap after GC invocations=6 (full 1):
 PSYoungGen      total 71680K, used 0K [0x00000000d5f00000, 0x00000000daa00000, 0x0000000100000000)
  eden space 66560K, 0% used [0x00000000d5f00000,0x00000000d5f00000,0x00000000da000000)
  from space 5120K, 0% used [0x00000000da000000,0x00000000da000000,0x00000000da500000)
  to   space 5120K, 0% used [0x00000000da500000,0x00000000da500000,0x00000000daa00000)
 ParOldGen       total 57344K, used 7980K [0x0000000081c00000, 0x0000000085400000, 0x00000000d5f00000)
  object space 57344K, 13% used [0x0000000081c00000,0x00000000823cb340,0x0000000085400000)
 Metaspace       used 20227K, capacity 21202K, committed 21296K, reserved 1067008K
  class space    used 2666K, capacity 2878K, committed 2944K, reserved 1048576K
}
Event: 7.104 GC heap before
{Heap before GC invocations=7 (full 1):
 PSYoungGen      total 71680K, used 66560K [0x00000000d5f00000, 0x00000000daa00000, 0x0000000100000000)
  eden space 66560K, 100% used [0x00000000d5f00000,0x00000000da000000,0x00000000da000000)
  from space 5120K, 0% used [0x00000000da000000,0x00000000da000000,0x00000000da500000)
  to   space 5120K, 0% used [0x00000000da500000,0x00000000da500000,0x00000000daa00000)
 ParOldGen       total 57344K, used 7980K [0x0000000081c00000, 0x0000000085400000, 0x00000000d5f00000)
  object space 57344K, 13% used [0x0000000081c00000,0x00000000823cb340,0x0000000085400000)
 Metaspace       used 26858K, capacity 28104K, committed 28416K, reserved 1073152K
  class space    used 3506K, capacity 3779K, committed 3840K, reserved 1048576K
Event: 7.116 GC heap after
Heap after GC invocations=7 (full 1):
 PSYoungGen      total 71680K, used 5116K [0x00000000d5f00000, 0x00000000daa00000, 0x0000000100000000)
  eden space 66560K, 0% used [0x00000000d5f00000,0x00000000d5f00000,0x00000000da000000)
  from space 5120K, 99% used [0x00000000da500000,0x00000000da9ff0a0,0x00000000daa00000)
  to   space 5120K, 0% used [0x00000000da000000,0x00000000da000000,0x00000000da500000)
 ParOldGen       total 57344K, used 11766K [0x0000000081c00000, 0x0000000085400000, 0x00000000d5f00000)
  object space 57344K, 20% used [0x0000000081c00000,0x000000008277d880,0x0000000085400000)
 Metaspace       used 26858K, capacity 28104K, committed 28416K, reserved 1073152K
  class space    used 3506K, capacity 3779K, committed 3840K, reserved 1048576K
}
Event: 8.363 GC heap before
{Heap before GC invocations=8 (full 1):
 PSYoungGen      total 71680K, used 71676K [0x00000000d5f00000, 0x00000000daa00000, 0x0000000100000000)
  eden space 66560K, 100% used [0x00000000d5f00000,0x00000000da000000,0x00000000da000000)
  from space 5120K, 99% used [0x00000000da500000,0x00000000da9ff0a0,0x00000000daa00000)
  to   space 5120K, 0% used [0x00000000da000000,0x00000000da000000,0x00000000da500000)
 ParOldGen       total 57344K, used 11766K [0x0000000081c00000, 0x0000000085400000, 0x00000000d5f00000)
  object space 57344K, 20% used [0x0000000081c00000,0x000000008277d880,0x0000000085400000)
 Metaspace       used 29446K, capacity 30900K, committed 31104K, reserved 1077248K
  class space    used 3867K, capacity 4177K, committed 4224K, reserved 1048576K
Event: 8.376 GC heap after
Heap after GC invocations=8 (full 1):
 PSYoungGen      total 71680K, used 5108K [0x00000000d5f00000, 0x00000000daa00000, 0x0000000100000000)
  eden space 66560K, 0% used [0x00000000d5f00000,0x00000000d5f00000,0x00000000da000000)
  from space 5120K, 99% used [0x00000000da000000,0x00000000da4fd030,0x00000000da500000)
  to   space 5120K, 0% used [0x00000000da500000,0x00000000da500000,0x00000000daa00000)
 ParOldGen       total 57344K, used 15073K [0x0000000081c00000, 0x0000000085400000, 0x00000000d5f00000)
  object space 57344K, 26% used [0x0000000081c00000,0x0000000082ab8578,0x0000000085400000)
 Metaspace       used 29446K, capacity 30900K, committed 31104K, reserved 1077248K
  class space    used 3867K, capacity 4177K, committed 4224K, reserved 1048576K
}

